
> @arrival/www@0.1.0 build
> next build

   ▲ Next.js 15.5.12

   Creating an optimized production build ...
 ✓ Compiled successfully in 2.3s
   Linting and checking validity of types ...

./src/app/(home)/page.tsx
1:8  Warning: 'Image' is defined but never used.  @typescript-eslint/no-unused-vars
3:8  Warning: 'MontrealInfo' is defined but never used.  @typescript-eslint/no-unused-vars

./src/components/Header.tsx
1:8  Warning: 'Link' is defined but never used.  @typescript-eslint/no-unused-vars
2:10  Warning: 'SITE_NAME' is defined but never used.  @typescript-eslint/no-unused-vars
2:21  Warning: 'NAVIGATION' is defined but never used.  @typescript-eslint/no-unused-vars
5:8  Warning: 'ICO_Arrival' is defined but never used.  @typescript-eslint/no-unused-vars

./src/components/MontrealInfo.tsx
86:15  Warning: 'API_KEY' is assigned a value but never used.  @typescript-eslint/no-unused-vars

info  - Need to disable some ESLint rules? Learn more here: https://nextjs.org/docs/app/api-reference/config/eslint#disabling-rules
   Collecting page data ...
   Generating static pages (0/6) ...
   Generating static pages (1/6) 
   Generating static pages (2/6) 
   Generating static pages (4/6) 
 ✓ Generating static pages (6/6)
   Finalizing page optimization ...
   Collecting build traces ...

Route (app)                                 Size  First Load JS
┌ ○ /                                      601 B         393 kB
├ ○ /_not-found                            988 B         103 kB
└ ○ /physicsx                            5.83 kB         398 kB
+ First Load JS shared by all             102 kB
  ├ chunks/18-b339bcfc88586b9e.js          46 kB
  ├ chunks/87c73c54-24122e7b92478d00.js  54.2 kB
  └ other shared chunks (total)          1.92 kB


○  (Static)  prerendered as static content

